This is pdfTeX, Version 3.14159265-2.6-1.40.21 (TeX Live 2020) (preloaded format=pdflatex 2020.10.6)  2 APR 2021 10:22
entering extended mode
 restricted \write18 enabled.
 file:line:error style messages enabled.
 %&-line parsing enabled.
**paper.tex
(./paper.tex
LaTeX2e <2020-02-02> patch level 5
L3 programming layer <2020-03-06> (./cernphprep.cls
Document Style 'cernphprep'. Version <1.07>, <25 Apr 2016>
Document Class: cernphprep 2014/01/10
(/usr/local/texlive/2020/texmf-dist/tex/latex/base/article.cls
Document Class: article 2019/12/20 v1.4l Standard LaTeX document class
(/usr/local/texlive/2020/texmf-dist/tex/latex/base/size11.clo
File: size11.clo 2019/12/20 v1.4l Standard LaTeX file (size option)
)
\c@part=\count167
\c@section=\count168
\c@subsection=\count169
\c@subsubsection=\count170
\c@paragraph=\count171
\c@subparagraph=\count172
\c@figure=\count173
\c@table=\count174
\abovecaptionskip=\skip47
\belowcaptionskip=\skip48
\bibindent=\dimen134
)
(/usr/local/texlive/2020/texmf-dist/tex/latex/psnfss/mathptmx.sty
Package: mathptmx 2005/04/12 PSNFSS-v9.2a Times w/ Math, improved (SPQR, WaS) 
LaTeX Font Info:    Redeclaring symbol font `operators' on input line 28.
LaTeX Font Info:    Overwriting symbol font `operators' in version `normal'
(Font)                  OT1/cmr/m/n --> OT1/ztmcm/m/n on input line 28.
LaTeX Font Info:    Overwriting symbol font `operators' in version `bold'
(Font)                  OT1/cmr/bx/n --> OT1/ztmcm/m/n on input line 28.
LaTeX Font Info:    Redeclaring symbol font `letters' on input line 29.
LaTeX Font Info:    Overwriting symbol font `letters' in version `normal'
(Font)                  OML/cmm/m/it --> OML/ztmcm/m/it on input line 29.
LaTeX Font Info:    Overwriting symbol font `letters' in version `bold'
(Font)                  OML/cmm/b/it --> OML/ztmcm/m/it on input line 29.
LaTeX Font Info:    Redeclaring symbol font `symbols' on input line 30.
LaTeX Font Info:    Overwriting symbol font `symbols' in version `normal'
(Font)                  OMS/cmsy/m/n --> OMS/ztmcm/m/n on input line 30.
LaTeX Font Info:    Overwriting symbol font `symbols' in version `bold'
(Font)                  OMS/cmsy/b/n --> OMS/ztmcm/m/n on input line 30.
LaTeX Font Info:    Redeclaring symbol font `largesymbols' on input line 31.
LaTeX Font Info:    Overwriting symbol font `largesymbols' in version `normal'
(Font)                  OMX/cmex/m/n --> OMX/ztmcm/m/n on input line 31.
LaTeX Font Info:    Overwriting symbol font `largesymbols' in version `bold'
(Font)                  OMX/cmex/m/n --> OMX/ztmcm/m/n on input line 31.
\symbold=\mathgroup4
\symitalic=\mathgroup5
LaTeX Font Info:    Redeclaring math alphabet \mathbf on input line 34.
LaTeX Font Info:    Overwriting math alphabet `\mathbf' in version `normal'
(Font)                  OT1/cmr/bx/n --> OT1/ptm/bx/n on input line 34.
LaTeX Font Info:    Overwriting math alphabet `\mathbf' in version `bold'
(Font)                  OT1/cmr/bx/n --> OT1/ptm/bx/n on input line 34.
LaTeX Font Info:    Redeclaring math alphabet \mathit on input line 35.
LaTeX Font Info:    Overwriting math alphabet `\mathit' in version `normal'
(Font)                  OT1/cmr/m/it --> OT1/ptm/m/it on input line 35.
LaTeX Font Info:    Overwriting math alphabet `\mathit' in version `bold'
(Font)                  OT1/cmr/bx/it --> OT1/ptm/m/it on input line 35.
LaTeX Info: Redefining \hbar on input line 50.
)
(/usr/local/texlive/2020/texmf-dist/tex/latex/graphics/graphicx.sty
Package: graphicx 2019/11/30 v1.2a Enhanced LaTeX Graphics (DPC,SPQR)

(/usr/local/texlive/2020/texmf-dist/tex/latex/graphics/keyval.sty
Package: keyval 2014/10/28 v1.15 key=value parser (DPC)
\KV@toks@=\toks15
)
(/usr/local/texlive/2020/texmf-dist/tex/latex/graphics/graphics.sty
Package: graphics 2019/11/30 v1.4a Standard LaTeX Graphics (DPC,SPQR)

(/usr/local/texlive/2020/texmf-dist/tex/latex/graphics/trig.sty
Package: trig 2016/01/03 v1.10 sin cos tan (DPC)
)
(/usr/local/texlive/2020/texmf-dist/tex/latex/graphics-cfg/graphics.cfg
File: graphics.cfg 2016/06/04 v1.11 sample graphics configuration
)
Package graphics Info: Driver file: pdftex.def on input line 105.

(/usr/local/texlive/2020/texmf-dist/tex/latex/graphics-def/pdftex.def
File: pdftex.def 2018/01/08 v1.0l Graphics/color driver for pdftex
))
\Gin@req@height=\dimen135
\Gin@req@width=\dimen136
)
(/usr/local/texlive/2020/texmf-dist/tex/latex/amsmath/amsmath.sty
Package: amsmath 2020/01/20 v2.17e AMS math features
\@mathmargin=\skip49

For additional information on amsmath, use the `?' option.
(/usr/local/texlive/2020/texmf-dist/tex/latex/amsmath/amstext.sty
Package: amstext 2000/06/29 v2.01 AMS text

(/usr/local/texlive/2020/texmf-dist/tex/latex/amsmath/amsgen.sty
File: amsgen.sty 1999/11/30 v2.0 generic functions
\@emptytoks=\toks16
\ex@=\dimen137
))
(/usr/local/texlive/2020/texmf-dist/tex/latex/amsmath/amsbsy.sty
Package: amsbsy 1999/11/29 v1.2d Bold Symbols
\pmbraise@=\dimen138
)
(/usr/local/texlive/2020/texmf-dist/tex/latex/amsmath/amsopn.sty
Package: amsopn 2016/03/08 v2.02 operator names
)
\inf@bad=\count175
LaTeX Info: Redefining \frac on input line 227.
\uproot@=\count176
\leftroot@=\count177
LaTeX Info: Redefining \overline on input line 389.
\classnum@=\count178
\DOTSCASE@=\count179
LaTeX Info: Redefining \ldots on input line 486.
LaTeX Info: Redefining \dots on input line 489.
LaTeX Info: Redefining \cdots on input line 610.
\Mathstrutbox@=\box45
\strutbox@=\box46
\big@size=\dimen139
LaTeX Font Info:    Redeclaring font encoding OML on input line 733.
LaTeX Font Info:    Redeclaring font encoding OMS on input line 734.
\macc@depth=\count180
\c@MaxMatrixCols=\count181
\dotsspace@=\muskip16
\c@parentequation=\count182
\dspbrk@lvl=\count183
\tag@help=\toks17
\row@=\count184
\column@=\count185
\maxfields@=\count186
\andhelp@=\toks18
\eqnshift@=\dimen140
\alignsep@=\dimen141
\tagshift@=\dimen142
\tagwidth@=\dimen143
\totwidth@=\dimen144
\lineht@=\dimen145
\@envbody=\toks19
\multlinegap=\skip50
\multlinetaggap=\skip51
\mathdisplay@stack=\toks20
LaTeX Info: Redefining \[ on input line 2859.
LaTeX Info: Redefining \] on input line 2860.
)
(/usr/local/texlive/2020/texmf-dist/tex/latex/amsfonts/amssymb.sty
Package: amssymb 2013/01/14 v3.01 AMS font symbols

(/usr/local/texlive/2020/texmf-dist/tex/latex/amsfonts/amsfonts.sty
Package: amsfonts 2013/01/14 v3.01 Basic AMSFonts support
\symAMSa=\mathgroup6
\symAMSb=\mathgroup7
LaTeX Font Info:    Overwriting math alphabet `\mathfrak' in version `bold'
(Font)                  U/euf/m/n --> U/euf/b/n on input line 106.
))
(/usr/local/texlive/2020/texmf-dist/tex/latex/tools/array.sty
Package: array 2019/08/31 v2.4l Tabular extension package (FMi)
\col@sep=\dimen146
\ar@mcellbox=\box47
\extrarowheight=\dimen147
\NC@list=\toks21
\extratabsurround=\skip52
\backup@length=\skip53
\ar@cellbox=\box48
)
(/usr/local/texlive/2020/texmf-dist/tex/latex/tools/tabularx.sty
Package: tabularx 2020/01/15 v2.11c `tabularx' package (DPC)
\TX@col@width=\dimen148
\TX@old@table=\dimen149
\TX@old@col=\dimen150
\TX@target=\dimen151
\TX@delta=\dimen152
\TX@cols=\count187
\TX@ftn=\toks22
)
(/usr/local/texlive/2020/texmf-dist/tex/latex/url/url.sty
\Urlmuskip=\muskip17
Package: url 2013/09/16  ver 3.4  Verb mode for urls, etc.
)
(/usr/local/texlive/2020/texmf-dist/tex/latex/tools/xspace.sty
Package: xspace 2014/10/28 v1.13 Space after command names (DPC,MH)
)
(/usr/local/texlive/2020/texmf-dist/tex/latex/base/ifthen.sty
Package: ifthen 2014/09/29 v1.1c Standard LaTeX ifthen package (DPC)
)
Document Class "cernphprep" 1.04 (6 June 2010)
\c@instfoot=\count188
(/usr/local/texlive/2020/texmf-dist/tex/latex/truncate/truncate.sty
Package: truncate 2001/08/20  ver 3.6
\@Trunc@RestHyph=\toks23
)
(/usr/local/texlive/2020/texmf-dist/tex/latex/fancyhdr/fancyhdr.sty
Package: fancyhdr 2019/01/31 v3.10 Extensive control of page headers and footer
s
\f@nch@headwidth=\skip54
\f@nch@O@elh=\skip55
\f@nch@O@erh=\skip56
\f@nch@O@olh=\skip57
\f@nch@O@orh=\skip58
\f@nch@O@elf=\skip59
\f@nch@O@erf=\skip60
\f@nch@O@olf=\skip61
\f@nch@O@orf=\skip62
))
(/usr/local/texlive/2020/texmf-dist/tex/latex/natbib/natbib.sty
Package: natbib 2010/09/13 8.31b (PWD, AO)
\bibhang=\skip63
\bibsep=\skip64
LaTeX Info: Redefining \cite on input line 694.
\c@NAT@ctr=\count189
)
(/usr/local/texlive/2020/texmf-dist/tex/latex/hyperref/hyperref.sty
Package: hyperref 2020/01/14 v7.00d Hypertext links for LaTeX

(/usr/local/texlive/2020/texmf-dist/tex/generic/ltxcmds/ltxcmds.sty
Package: ltxcmds 2019/12/15 v1.24 LaTeX kernel commands for general use (HO)
)
(/usr/local/texlive/2020/texmf-dist/tex/generic/iftex/iftex.sty
Package: iftex 2020/03/06 v1.0d TeX engine tests
)
(/usr/local/texlive/2020/texmf-dist/tex/latex/pdftexcmds/pdftexcmds.sty
Package: pdftexcmds 2019/11/24 v0.31 Utility functions of pdfTeX for LuaTeX (HO
)

(/usr/local/texlive/2020/texmf-dist/tex/generic/infwarerr/infwarerr.sty
Package: infwarerr 2019/12/03 v1.5 Providing info/warning/error messages (HO)
)
Package pdftexcmds Info: \pdf@primitive is available.
Package pdftexcmds Info: \pdf@ifprimitive is available.
Package pdftexcmds Info: \pdfdraftmode found.
)
(/usr/local/texlive/2020/texmf-dist/tex/generic/kvsetkeys/kvsetkeys.sty
Package: kvsetkeys 2019/12/15 v1.18 Key value parser (HO)
)
(/usr/local/texlive/2020/texmf-dist/tex/generic/kvdefinekeys/kvdefinekeys.sty
Package: kvdefinekeys 2019-12-19 v1.6 Define keys (HO)
)
(/usr/local/texlive/2020/texmf-dist/tex/generic/pdfescape/pdfescape.sty
Package: pdfescape 2019/12/09 v1.15 Implements pdfTeX's escape features (HO)
)
(/usr/local/texlive/2020/texmf-dist/tex/latex/hycolor/hycolor.sty
Package: hycolor 2020-01-27 v1.10 Color options for hyperref/bookmark (HO)
)
(/usr/local/texlive/2020/texmf-dist/tex/latex/letltxmacro/letltxmacro.sty
Package: letltxmacro 2019/12/03 v1.6 Let assignment for LaTeX macros (HO)
)
(/usr/local/texlive/2020/texmf-dist/tex/latex/auxhook/auxhook.sty
Package: auxhook 2019-12-17 v1.6 Hooks for auxiliary files (HO)
)
(/usr/local/texlive/2020/texmf-dist/tex/latex/kvoptions/kvoptions.sty
Package: kvoptions 2019/11/29 v3.13 Key value format for package options (HO)
)
\@linkdim=\dimen153
\Hy@linkcounter=\count190
\Hy@pagecounter=\count191

(/usr/local/texlive/2020/texmf-dist/tex/latex/hyperref/pd1enc.def
File: pd1enc.def 2020/01/14 v7.00d Hyperref: PDFDocEncoding definition (HO)
Now handling font encoding PD1 ...
... no UTF-8 mapping file for font encoding PD1
)
(/usr/local/texlive/2020/texmf-dist/tex/generic/intcalc/intcalc.sty
Package: intcalc 2019/12/15 v1.3 Expandable calculations with integers (HO)
)
(/usr/local/texlive/2020/texmf-dist/tex/generic/etexcmds/etexcmds.sty
Package: etexcmds 2019/12/15 v1.7 Avoid name clashes with e-TeX commands (HO)
)
\Hy@SavedSpaceFactor=\count192
Package hyperref Info: Hyper figures OFF on input line 4547.
Package hyperref Info: Link nesting OFF on input line 4552.
Package hyperref Info: Hyper index ON on input line 4555.
Package hyperref Info: Plain pages OFF on input line 4562.
Package hyperref Info: Backreferencing OFF on input line 4567.
Package hyperref Info: Implicit mode ON; LaTeX internals redefined.
Package hyperref Info: Bookmarks ON on input line 4800.
\c@Hy@tempcnt=\count193
LaTeX Info: Redefining \url on input line 5159.
\XeTeXLinkMargin=\dimen154

(/usr/local/texlive/2020/texmf-dist/tex/generic/bitset/bitset.sty
Package: bitset 2019/12/09 v1.3 Handle bit-vector datatype (HO)

(/usr/local/texlive/2020/texmf-dist/tex/generic/bigintcalc/bigintcalc.sty
Package: bigintcalc 2019/12/15 v1.5 Expandable calculations on big integers (HO
)
))
\Fld@menulength=\count194
\Field@Width=\dimen155
\Fld@charsize=\dimen156
Package hyperref Info: Hyper figures OFF on input line 6430.
Package hyperref Info: Link nesting OFF on input line 6435.
Package hyperref Info: Hyper index ON on input line 6438.
Package hyperref Info: backreferencing OFF on input line 6445.
Package hyperref Info: Link coloring OFF on input line 6450.
Package hyperref Info: Link coloring with OCG OFF on input line 6455.
Package hyperref Info: PDF/A mode OFF on input line 6460.
LaTeX Info: Redefining \ref on input line 6500.
LaTeX Info: Redefining \pageref on input line 6504.

(/usr/local/texlive/2020/texmf-dist/tex/generic/atbegshi/atbegshi.sty
Package: atbegshi 2019/12/05 v1.19 At begin shipout hook (HO)
)
\Hy@abspage=\count195
\c@Item=\count196
\c@Hfootnote=\count197
)
Package hyperref Info: Driver (autodetected): hpdftex.

(/usr/local/texlive/2020/texmf-dist/tex/latex/hyperref/hpdftex.def
File: hpdftex.def 2020/01/14 v7.00d Hyperref driver for pdfTeX

(/usr/local/texlive/2020/texmf-dist/tex/latex/atveryend/atveryend.sty
Package: atveryend 2019-12-11 v1.11 Hooks at the very end of document (HO)
Package atveryend Info: \enddocument detected (standard20110627).
)
\Fld@listcount=\count198
\c@bookmark@seq@number=\count199

(/usr/local/texlive/2020/texmf-dist/tex/latex/rerunfilecheck/rerunfilecheck.sty
Package: rerunfilecheck 2019/12/05 v1.9 Rerun checks for auxiliary files (HO)

(/usr/local/texlive/2020/texmf-dist/tex/generic/uniquecounter/uniquecounter.sty
Package: uniquecounter 2019/12/15 v1.4 Provide unlimited unique counter (HO)
)
Package uniquecounter Info: New unique counter `rerunfilecheck' on input line 2
86.
)
\Hy@SectionHShift=\skip65
) (/usr/local/texlive/2020/texmf-dist/tex/latex/lineno/lineno.sty
Package: lineno 2005/11/02 line numbers on paragraphs v4.41
\linenopenalty=\count266
\output=\toks24
\linenoprevgraf=\count267
\linenumbersep=\dimen157
\linenumberwidth=\dimen158
\c@linenumber=\count268
\c@pagewiselinenumber=\count269
\c@LN@truepage=\count270
\c@internallinenumber=\count271
\c@internallinenumbers=\count272
\quotelinenumbersep=\dimen159
\bframerule=\dimen160
\bframesep=\dimen161
\bframebox=\box49
LaTeX Info: Redefining \\ on input line 3056.
)
(/usr/local/texlive/2020/texmf-dist/tex/latex/subfigure/subfigure.sty
Package: subfigure 2002/03/15 v2.1.5 subfigure package
\subfigtopskip=\skip66
\subfigcapskip=\skip67
\subfigcaptopadj=\dimen162
\subfigbottomskip=\skip68
\subfigcapmargin=\dimen163
\subfiglabelskip=\skip69
\c@subfigure=\count273
\c@lofdepth=\count274
\c@subtable=\count275
\c@lotdepth=\count276

****************************************
* Local config file subfigure.cfg used *
****************************************
(/usr/local/texlive/2020/texmf-dist/tex/latex/subfigure/subfigure.cfg)
\subfig@top=\skip70
\subfig@bottom=\skip71
)
(/usr/local/texlive/2020/texmf-dist/tex/latex/placeins/placeins.sty
Package: placeins 2005/04/18  v 2.2
)
(/usr/local/texlive/2020/texmf-dist/tex/latex/tools/multicol.sty
Package: multicol 2019/12/09 v1.8y multicolumn formatting (FMi)
\c@tracingmulticols=\count277
\mult@box=\box50
\multicol@leftmargin=\dimen164
\c@unbalance=\count278
\c@collectmore=\count279
\doublecol@number=\count280
\multicoltolerance=\count281
\multicolpretolerance=\count282
\full@width=\dimen165
\page@free=\dimen166
\premulticols=\dimen167
\postmulticols=\dimen168
\multicolsep=\skip72
\multicolbaselineskip=\skip73
\partial@page=\box51
\last@line=\box52
\maxbalancingoverflow=\dimen169
\mult@rightbox=\box53
\mult@grightbox=\box54
\mult@gfirstbox=\box55
\mult@firstbox=\box56
\@tempa=\box57
\@tempa=\box58
\@tempa=\box59
\@tempa=\box60
\@tempa=\box61
\@tempa=\box62
\@tempa=\box63
\@tempa=\box64
\@tempa=\box65
\@tempa=\box66
\@tempa=\box67
\@tempa=\box68
\@tempa=\box69
\@tempa=\box70
\@tempa=\box71
\@tempa=\box72
\@tempa=\box73
\@tempa=\box74
\@tempa=\box75
\@tempa=\box76
\@tempa=\box77
\@tempa=\box78
\@tempa=\box79
\@tempa=\box80
\@tempa=\box81
\@tempa=\box82
\@tempa=\box83
\@tempa=\box84
\@tempa=\box85
\@tempa=\box86
\@tempa=\box87
\@tempa=\box88
\@tempa=\box89
\@tempa=\box90
\@tempa=\box91
\@tempa=\box92
\@tempa=\box93
\c@minrows=\count283
\c@columnbadness=\count284
\c@finalcolumnbadness=\count285
\last@try=\dimen170
\multicolovershoot=\dimen171
\multicolundershoot=\dimen172
\mult@nat@firstbox=\box94
\colbreak@box=\box95
\mc@col@check@num=\count286
)
(/usr/local/texlive/2020/texmf-dist/tex/latex/multirow/multirow.sty
Package: multirow 2019/05/31 v2.5 Span multiple rows of a table
\multirow@colwidth=\skip74
\multirow@cntb=\count287
\multirow@dima=\skip75
\bigstrutjot=\dimen173
)
(/usr/local/texlive/2020/texmf-dist/tex/latex/units/units.sty
Package: units 1998/08/04 v0.9b Typesetting units

(/usr/local/texlive/2020/texmf-dist/tex/latex/units/nicefrac.sty
Package: nicefrac 1998/08/04 v0.9b Nice fractions
\L@UnitsRaiseDisplaystyle=\skip76
\L@UnitsRaiseTextstyle=\skip77
\L@UnitsRaiseScriptstyle=\skip78
))
(./commands.tex)
(/usr/local/texlive/2020/texmf-dist/tex/latex/l3backend/l3backend-pdfmode.def
File: l3backend-pdfmode.def 2020-03-12 L3 backend support: PDF mode
\l__kernel_color_stack_int=\count288
\l__pdf_internal_box=\box96
)
(./paper.aux)
\openout1 = `paper.aux'.

LaTeX Font Info:    Checking defaults for OML/cmm/m/it on input line 15.
LaTeX Font Info:    ... okay on input line 15.
LaTeX Font Info:    Checking defaults for OMS/cmsy/m/n on input line 15.
LaTeX Font Info:    ... okay on input line 15.
LaTeX Font Info:    Checking defaults for OT1/cmr/m/n on input line 15.
LaTeX Font Info:    ... okay on input line 15.
LaTeX Font Info:    Checking defaults for T1/cmr/m/n on input line 15.
LaTeX Font Info:    ... okay on input line 15.
LaTeX Font Info:    Checking defaults for TS1/cmr/m/n on input line 15.
LaTeX Font Info:    ... okay on input line 15.
LaTeX Font Info:    Checking defaults for OMX/cmex/m/n on input line 15.
LaTeX Font Info:    ... okay on input line 15.
LaTeX Font Info:    Checking defaults for U/cmr/m/n on input line 15.
LaTeX Font Info:    ... okay on input line 15.
LaTeX Font Info:    Checking defaults for PD1/pdf/m/n on input line 15.
LaTeX Font Info:    ... okay on input line 15.
LaTeX Font Info:    Trying to load font information for OT1+ptm on input line 1
5.
 (/usr/local/texlive/2020/texmf-dist/tex/latex/psnfss/ot1ptm.fd
File: ot1ptm.fd 2001/06/04 font definitions for OT1/ptm.
)
(/usr/local/texlive/2020/texmf-dist/tex/context/base/mkii/supp-pdf.mkii
[Loading MPS to PDF converter (version 2006.09.02).]
\scratchcounter=\count289
\scratchdimen=\dimen174
\scratchbox=\box97
\nofMPsegments=\count290
\nofMParguments=\count291
\everyMPshowfont=\toks25
\MPscratchCnt=\count292
\MPscratchDim=\dimen175
\MPnumerator=\count293
\makeMPintoPDFobject=\count294
\everyMPtoPDFconversion=\toks26
) (/usr/local/texlive/2020/texmf-dist/tex/latex/epstopdf-pkg/epstopdf-base.sty
Package: epstopdf-base 2020-01-24 v2.11 Base part for package epstopdf
Package epstopdf-base Info: Redefining graphics rule for `.eps' on input line 4
85.

(/usr/local/texlive/2020/texmf-dist/tex/latex/latexconfig/epstopdf-sys.cfg
File: epstopdf-sys.cfg 2010/07/13 v1.3 Configuration of (r)epstopdf for TeX Liv
e
))
\AtBeginShipoutBox=\box98
Package hyperref Info: Link coloring OFF on input line 15.

(/usr/local/texlive/2020/texmf-dist/tex/latex/hyperref/nameref.sty
Package: nameref 2019/09/16 v2.46 Cross-referencing by name of section

(/usr/local/texlive/2020/texmf-dist/tex/latex/refcount/refcount.sty
Package: refcount 2019/12/15 v3.6 Data extraction from label references (HO)
)
(/usr/local/texlive/2020/texmf-dist/tex/generic/gettitlestring/gettitlestring.s
ty
Package: gettitlestring 2019/12/15 v1.6 Cleanup title references (HO)
)
\c@section@level=\count295
)
LaTeX Info: Redefining \ref on input line 15.
LaTeX Info: Redefining \pageref on input line 15.
LaTeX Info: Redefining \nameref on input line 15.
 (./paper.out) (./paper.out)
\@outlinefile=\write3
\openout3 = `paper.out'.

<alicelogo.pdf, id=36, 116.1138pt x 142.61281pt>
File: alicelogo.pdf Graphic file (type pdf)
<use alicelogo.pdf>
Package pdftex.def Info: alicelogo.pdf  used on input line 27.
(pdftex.def)             Requested size: 46.3313pt x 56.9055pt.
<cernlogo.pdf, id=37, 426.59375pt x 427.5975pt>
File: cernlogo.pdf Graphic file (type pdf)
<use cernlogo.pdf>
Package pdftex.def Info: cernlogo.pdf  used on input line 27.
(pdftex.def)             Requested size: 56.76749pt x 56.9055pt.
LaTeX Font Info:    Trying to load font information for TS1+ptm on input line 2
7.

(/usr/local/texlive/2020/texmf-dist/tex/latex/psnfss/ts1ptm.fd
File: ts1ptm.fd 2001/06/04 font definitions for TS1/ptm.
)
LaTeX Font Info:    Trying to load font information for OT1+ztmcm on input line
 27.

(/usr/local/texlive/2020/texmf-dist/tex/latex/psnfss/ot1ztmcm.fd
File: ot1ztmcm.fd 2000/01/03 Fontinst v1.801 font definitions for OT1/ztmcm.
)
LaTeX Font Info:    Trying to load font information for OML+ztmcm on input line
 27.

(/usr/local/texlive/2020/texmf-dist/tex/latex/psnfss/omlztmcm.fd
File: omlztmcm.fd 2000/01/03 Fontinst v1.801 font definitions for OML/ztmcm.
)
LaTeX Font Info:    Trying to load font information for OMS+ztmcm on input line
 27.

(/usr/local/texlive/2020/texmf-dist/tex/latex/psnfss/omsztmcm.fd
File: omsztmcm.fd 2000/01/03 Fontinst v1.801 font definitions for OMS/ztmcm.
)
LaTeX Font Info:    Trying to load font information for OMX+ztmcm on input line
 27.

(/usr/local/texlive/2020/texmf-dist/tex/latex/psnfss/omxztmcm.fd
File: omxztmcm.fd 2000/01/03 Fontinst v1.801 font definitions for OMX/ztmcm.
)
LaTeX Font Info:    Font shape `OT1/ptm/bx/n' in size <14.4> not available
(Font)              Font shape `OT1/ptm/b/n' tried instead on input line 27.
LaTeX Font Info:    Font shape `OT1/ptm/bx/n' in size <10.95> not available
(Font)              Font shape `OT1/ptm/b/n' tried instead on input line 27.
LaTeX Font Info:    Font shape `OT1/ptm/bx/n' in size <8> not available
(Font)              Font shape `OT1/ptm/b/n' tried instead on input line 27.
LaTeX Font Info:    Font shape `OT1/ptm/bx/n' in size <10> not available
(Font)              Font shape `OT1/ptm/b/n' tried instead on input line 36.
LaTeX Font Info:    Font shape `OT1/ptm/bx/n' in size <7.4> not available
(Font)              Font shape `OT1/ptm/b/n' tried instead on input line 36.
LaTeX Font Info:    Font shape `OT1/ptm/bx/n' in size <6> not available
(Font)              Font shape `OT1/ptm/b/n' tried instead on input line 36.
 [1


{/usr/local/texlive/2020/texmf-var/fonts/map/pdftex/updmap/pdftex.map} <./alice
logo.pdf> <./cernlogo.pdf>] (./sec_intro.tex [2

]) (./sec_ana.tex [3] [4] [5])
(./sec_results.tex
<./figures/corrmb.pdf, id=233, 569.12625pt x 410.53375pt>
File: ./figures/corrmb.pdf Graphic file (type pdf)
<use ./figures/corrmb.pdf>
Package pdftex.def Info: ./figures/corrmb.pdf  used on input line 10.
(pdftex.def)             Requested size: 213.96527pt x 154.34442pt.
<./figures/corr1.pdf, id=234, 569.12625pt x 410.53375pt>
File: ./figures/corr1.pdf Graphic file (type pdf)
<use ./figures/corr1.pdf>
Package pdftex.def Info: ./figures/corr1.pdf  used on input line 11.
(pdftex.def)             Requested size: 213.96527pt x 154.34442pt.


./sec_results.tex:12: Package inputenc Error: Unicode character ㅋ (U+314B)
(inputenc)                not set up for use with LaTeX.

See the inputenc package documentation for explanation.
Type  H <return>  for immediate help.
 ...                                              
                                                  
l.12 ...p}_{\rm{T}}<$~2~GㅋeV/$c$ in both cases.}
                                                  
? 

./sec_results.tex:12: Package inputenc Error: Unicode character ㅋ (U+314B)
(inputenc)                not set up for use with LaTeX.

See the inputenc package documentation for explanation.
Type  H <return>  for immediate help.
 ...                                              
                                                  
l.12 ...p}_{\rm{T}}<$~2~GㅋeV/$c$ in both cases.}
                                                  
? 
[6 <./figures/corrmb.pdf, page is rotated 90 degrees> <./figures/corr1.pdf, pag
e is rotated 90 degrees>]
<./figures/Fig2_PlotDeltaPhi.pdf, id=329, 583.21637pt x 310.5925pt>
File: ./figures/Fig2_PlotDeltaPhi.pdf Graphic file (type pdf)
<use ./figures/Fig2_PlotDeltaPhi.pdf>
Package pdftex.def Info: ./figures/Fig2_PlotDeltaPhi.pdf  used on input line 20
.
(pdftex.def)             Requested size: 409.71689pt x 218.2047pt.
 [7 <./figures/Fig2_PlotDeltaPhi.pdf>]
<./figures/Fig3_PlotRidgeYield.pdf, id=412, 358.42657pt x 247.44257pt>
File: ./figures/Fig3_PlotRidgeYield.pdf Graphic file (type pdf)
<use ./figures/Fig3_PlotRidgeYield.pdf>
Package pdftex.def Info: ./figures/Fig3_PlotRidgeYield.pdf  used on input line 
34.
(pdftex.def)             Requested size: 405.16695pt x 279.72388pt.
 [8 <./figures/Fig3_PlotRidgeYield.pdf>]
<./figures/corrlh.pdf, id=481, 569.12625pt x 410.53375pt>
File: ./figures/corrlh.pdf Graphic file (type pdf)
<use ./figures/corrlh.pdf>
Package pdftex.def Info: ./figures/corrlh.pdf  used on input line 45.
(pdftex.def)             Requested size: 213.96527pt x 154.34442pt.
<./figures/corrjet.pdf, id=482, 569.12625pt x 410.53375pt>
File: ./figures/corrjet.pdf Graphic file (type pdf)
<use ./figures/corrjet.pdf>
Package pdftex.def Info: ./figures/corrjet.pdf  used on input line 46.
(pdftex.def)             Requested size: 213.96527pt x 154.34442pt.

Overfull \hbox (0.47682pt too wide) in paragraph at lines 53--54
[]\OT1/ptm/m/n/10.95 Figure []4[] shows that the ridge struc-ture for 1 $\OML/z
tmcm/m/it/10.95 < p[] \OT1/ztmcm/m/n/10.95 (\OML/ztmcm/m/it/10.95 p[]\OT1/ztmcm
/m/n/10.95 ) \OML/ztmcm/m/it/10.95 <$ \OT1/ptm/m/n/10.95 2 GeV/$\OML/ztmcm/m/it
/10.95 c$ \OT1/ptm/m/n/10.95 still per-sists in high-multiplicity
 []

<./figures/Fig5_PlotDeltaPhiESE.pdf, id=484, 583.21637pt x 310.5925pt>
File: ./figures/Fig5_PlotDeltaPhiESE.pdf Graphic file (type pdf)
<use ./figures/Fig5_PlotDeltaPhiESE.pdf>
Package pdftex.def Info: ./figures/Fig5_PlotDeltaPhiESE.pdf  used on input line
 57.
(pdftex.def)             Requested size: 450.69414pt x 240.02423pt.
[9 <./figures/corrlh.pdf, page is rotated 90 degrees> <./figures/corrjet.pdf, p
age is rotated 90 degrees> <./figures/Fig5_PlotDeltaPhiESE.pdf>]
<./figures/Fig6_RidgeYieldESE.pdf, id=631, 399.70894pt x 246.44633pt>
File: ./figures/Fig6_RidgeYieldESE.pdf Graphic file (type pdf)
<use ./figures/Fig6_RidgeYieldESE.pdf>
Package pdftex.def Info: ./figures/Fig6_RidgeYieldESE.pdf  used on input line 6
7.
(pdftex.def)             Requested size: 405.16695pt x 249.82262pt.
<./figures/Fig9_JetYieldESE.pdf, id=634, 399.70894pt x 241.49033pt>
File: ./figures/Fig9_JetYieldESE.pdf Graphic file (type pdf)
<use ./figures/Fig9_JetYieldESE.pdf>
Package pdftex.def Info: ./figures/Fig9_JetYieldESE.pdf  used on input line 76.

(pdftex.def)             Requested size: 405.16695pt x 244.79869pt.


LaTeX Warning: `!h' float specifier changed to `!ht'.

) (./sec_summary.tex [10 <./figures/Fig6_RidgeYieldESE.pdf>]) [11 <./figures/Fi
g9_JetYieldESE.pdf>] [12] (./paper.bbl [13

] [14] [15] [16])
Package atveryend Info: Empty hook `BeforeClearDocument' on input line 78.
 [17]
Package atveryend Info: Empty hook `AfterLastShipout' on input line 78.
 (./paper.aux)
Package atveryend Info: Executing hook `AtVeryEndDocument' on input line 78.
Package atveryend Info: Executing hook `AtEndAfterFileList' on input line 78.
Package rerunfilecheck Info: File `paper.out' has not changed.
(rerunfilecheck)             Checksum: F1D138AE9E446C9E4F2D5676719B8EC5;473.
Package atveryend Info: Empty hook `AtVeryVeryEnd' on input line 78.
 ) 
Here is how much of TeX's memory you used:
 8394 strings out of 480608
 123719 string characters out of 5903630
 393773 words of memory out of 5000000
 23919 multiletter control sequences out of 15000+600000
 586322 words of font info for 134 fonts, out of 8000000 for 9000
 1141 hyphenation exceptions out of 8191
 38i,16n,49p,1468b,697s stack positions out of 5000i,500n,10000p,200000b,80000s
{/usr/local/texlive/2020/texmf-dist/fonts/enc/dvips/base/8r.enc}</usr/local/t
exlive/2020/texmf-dist/fonts/type1/public/amsfonts/cm/cmex10.pfb></usr/local/te
xlive/2020/texmf-dist/fonts/type1/public/amsfonts/cm/cmmi10.pfb></usr/local/tex
live/2020/texmf-dist/fonts/type1/public/amsfonts/cm/cmmi8.pfb></usr/local/texli
ve/2020/texmf-dist/fonts/type1/public/amsfonts/cm/cmmi9.pfb></usr/local/texlive
/2020/texmf-dist/fonts/type1/public/amsfonts/cm/cmr10.pfb></usr/local/texlive/2
020/texmf-dist/fonts/type1/public/amsfonts/cm/cmss8.pfb></usr/local/texlive/202
0/texmf-dist/fonts/type1/public/amsfonts/cm/cmsy10.pfb></usr/local/texlive/2020
/texmf-dist/fonts/type1/public/amsfonts/cm/cmsy8.pfb></usr/local/texlive/2020/t
exmf-dist/fonts/type1/public/amsfonts/cm/cmsy9.pfb></usr/local/texlive/2020/tex
mf-dist/fonts/type1/public/amsfonts/cm/cmtt10.pfb></usr/local/texlive/2020/texm
f-dist/fonts/type1/public/tex-gyre/qhvr.pfb></usr/local/texlive/2020/texmf-dist
/fonts/type1/public/tex-gyre/qhvri.pfb></usr/local/texlive/2020/texmf-dist/font
s/type1/urw/symbol/usyr.pfb></usr/local/texlive/2020/texmf-dist/fonts/type1/urw
/symbol/usyr.pfb></usr/local/texlive/2020/texmf-dist/fonts/type1/urw/times/utmb
8a.pfb></usr/local/texlive/2020/texmf-dist/fonts/type1/urw/times/utmbi8a.pfb></
usr/local/texlive/2020/texmf-dist/fonts/type1/urw/times/utmr8a.pfb></usr/local/
texlive/2020/texmf-dist/fonts/type1/urw/times/utmri8a.pfb>
Output written on paper.pdf (17 pages, 1249906 bytes).
PDF statistics:
 1087 PDF objects out of 1200 (max. 8388607)
 767 compressed objects within 8 object streams
 123 named destinations out of 1000 (max. 500000)
 120 words of extra memory for PDF output out of 10000 (max. 10000000)

